0 info it worked if it ends with ok
1 verbose cli [ '/home/cliengo/.nvm/versions/node/v6.10.1/bin/node',
1 verbose cli   '/home/cliengo/.nvm/versions/node/v6.10.1/bin/npm',
1 verbose cli   'start' ]
2 info using npm@3.10.10
3 info using node@v6.10.1
4 verbose run-script [ 'prestart', 'start', 'poststart' ]
5 info lifecycle worldapp@0.0.1~prestart: worldapp@0.0.1
6 verbose lifecycle worldapp@0.0.1~prestart: unsafe-perm in lifecycle true
7 verbose lifecycle worldapp@0.0.1~prestart: PATH: /home/cliengo/.nvm/versions/node/v6.10.1/lib/node_modules/npm/bin/node-gyp-bin:/home/cliengo/workspace/world-app/node_modules/.bin:/home/cliengo/.nvm/versions/node/v6.10.1/bin:/home/cliengo/bin:/home/cliengo/.local/bin:/usr/local/sbin:/usr/local/bin:/usr/sbin:/usr/bin:/sbin:/bin:/usr/games:/usr/local/games:/snap/bin:/storage/home/cliengo/workspace/core/play-1.4.5
8 verbose lifecycle worldapp@0.0.1~prestart: CWD: /home/cliengo/workspace/world-app
9 silly lifecycle worldapp@0.0.1~prestart: Args: [ '-c', 'gulp build;' ]
10 silly lifecycle worldapp@0.0.1~prestart: Returned: code: 0  signal: null
11 info lifecycle worldapp@0.0.1~start: worldapp@0.0.1
12 verbose lifecycle worldapp@0.0.1~start: unsafe-perm in lifecycle true
13 verbose lifecycle worldapp@0.0.1~start: PATH: /home/cliengo/.nvm/versions/node/v6.10.1/lib/node_modules/npm/bin/node-gyp-bin:/home/cliengo/workspace/world-app/node_modules/.bin:/home/cliengo/.nvm/versions/node/v6.10.1/bin:/home/cliengo/bin:/home/cliengo/.local/bin:/usr/local/sbin:/usr/local/bin:/usr/sbin:/usr/bin:/sbin:/bin:/usr/games:/usr/local/games:/snap/bin:/storage/home/cliengo/workspace/core/play-1.4.5
14 verbose lifecycle worldapp@0.0.1~start: CWD: /home/cliengo/workspace/world-app
15 silly lifecycle worldapp@0.0.1~start: Args: [ '-c', 'NODE_ENV=production node ./bin/www' ]
16 silly lifecycle worldapp@0.0.1~start: Returned: code: 1  signal: null
17 info lifecycle worldapp@0.0.1~start: Failed to exec start script
18 verbose stack Error: worldapp@0.0.1 start: `NODE_ENV=production node ./bin/www`
18 verbose stack Exit status 1
18 verbose stack     at EventEmitter.<anonymous> (/home/cliengo/.nvm/versions/node/v6.10.1/lib/node_modules/npm/lib/utils/lifecycle.js:255:16)
18 verbose stack     at emitTwo (events.js:106:13)
18 verbose stack     at EventEmitter.emit (events.js:191:7)
18 verbose stack     at ChildProcess.<anonymous> (/home/cliengo/.nvm/versions/node/v6.10.1/lib/node_modules/npm/lib/utils/spawn.js:40:14)
18 verbose stack     at emitTwo (events.js:106:13)
18 verbose stack     at ChildProcess.emit (events.js:191:7)
18 verbose stack     at maybeClose (internal/child_process.js:886:16)
18 verbose stack     at Process.ChildProcess._handle.onexit (internal/child_process.js:226:5)
19 verbose pkgid worldapp@0.0.1
20 verbose cwd /home/cliengo/workspace/world-app
21 error Linux 4.10.0-38-generic
22 error argv "/home/cliengo/.nvm/versions/node/v6.10.1/bin/node" "/home/cliengo/.nvm/versions/node/v6.10.1/bin/npm" "start"
23 error node v6.10.1
24 error npm  v3.10.10
25 error code ELIFECYCLE
26 error worldapp@0.0.1 start: `NODE_ENV=production node ./bin/www`
26 error Exit status 1
27 error Failed at the worldapp@0.0.1 start script 'NODE_ENV=production node ./bin/www'.
27 error Make sure you have the latest version of node.js and npm installed.
27 error If you do, this is most likely a problem with the worldapp package,
27 error not with npm itself.
27 error Tell the author that this fails on your system:
27 error     NODE_ENV=production node ./bin/www
27 error You can get information on how to open an issue for this project with:
27 error     npm bugs worldapp
27 error Or if that isn't available, you can get their info via:
27 error     npm owner ls worldapp
27 error There is likely additional logging output above.
28 verbose exit [ 1, true ]
